Handling lib "rpc-service-fs"...
Handling lib "vfs-dev-spi-flash"...
Handling lSuccess, built Basic_SPI/esp8266 version 1.0 (20200708-161816).
Firmware saved to C:\mos\Basic_SPI\build\fw.zip
Handling lib "spi"...
Handling lib "zz_boards"...
Handling lib "core"...
vfs-dev-spi-flash: Checking out 2.17.0...
rpc-service-fs: Checking out 2.17.0...
rpc-uart: Checking out 2.17.0...
spi: Checking out 2.17.0...
http-server: Checking out 2.17.0...
ca-bundle: Checking out 2.17.0...
rpc-service-config: Checking out 2.17.0...
zz_boards: Checking out 2.17.0...
core: Checking out 2.17.0...
spi: Done, hash bef6469b5f6f860cc18d4c9a77a590b5ff39924f
vfs-dev-spi-flash: Done, hash 38cf753b346a2f601012ab3614fcf5d42ce418b3
http-server: Done, hash 0d04893ce2f8c594e4e13b570edf8a9af132746e
core: Done, hash c7359ef09e0f75bd693d88672ba9665b84d0e46a
rpc-service-config: Done, hash b30e187977d8dafcb4297cff60e036855a7ff531
zz_boards: Done, hash 897a76f9b7306751dea4596f38df4486548ae2da
vfs-dev-spi-flash: Hash unchanged at 38cf753b346a2f601012ab3614fcf5d42ce418b3 (dir "/data/fwbuild-volumes/2.17.0/apps/Basic_SPI/esp8266/build_contexts/build_ctx_976701403/deps/vfs-dev-spi-flash")
vfs-dev-spi-flash: Prepared local dir: "/data/fwbuild-volumes/2.17.0/apps/Basic_SPI/esp8266/build_contexts/build_ctx_976701403/deps/vfs-dev-spi-flash"
spi: Hash unchanged at bef6469b5f6f860cc18d4c9a77a590b5ff39924f (dir "/data/fwbuild-volumes/2.17.0/apps/Basic_SPI/esp8266/build_contexts/build_ctx_976701403/deps/spi")
http-server: Hash unchanged at 0d04893ce2f8c594e4e13b570edf8a9af132746e (dir "/data/fwbuild-volumes/2.17.0/apps/Basic_SPI/esp8266/build_contexts/build_ctx_976701403/deps/http-server")
spi: Prepared local dir: "/data/fwbuild-volumes/2.17.0/apps/Basic_SPI/esp8266/build_contexts/build_ctx_976701403/deps/spi"
http-server: Prepared local dir: "/data/fwbuild-volumes/2.17.0/apps/Basic_SPI/esp8266/build_contexts/build_ctx_976701403/deps/http-server"
rpc-service-config: Hash unchanged at b30e187977d8dafcb4297cff60e036855a7ff531 (dir "/data/fwbuild-volumes/2.17.0/apps/Basic_SPI/esp8266/build_contexts/build_ctx_976701403/deps/rpc-service-config")
rpc-service-config: Prepared local dir: "/data/fwbuild-volumes/2.17.0/apps/Basic_SPI/esp8266/build_contexts/build_ctx_976701403/deps/rpc-service-config"
core: Hash unchanged at c7359ef09e0f75bd693d88672ba9665b84d0e46a (dir "/data/fwbuild-volumes/2.17.0/apps/Basic_SPI/esp8266/build_contexts/build_ctx_976701403/deps/core")
core: Prepared local dir: "/data/fwbuild-volumes/2.17.0/apps/Basic_SPI/esp8266/build_contexts/build_ctx_976701403/deps/core"
zz_boards: Hash unchanged at 897a76f9b7306751dea4596f38df4486548ae2da (dir "/data/fwbuild-volumes/2.17.0/apps/Basic_SPI/esp8266/build_contexts/build_ctx_976701403/deps/boards")
zz_boards: Prepared local dir: "/data/fwbuild-volumes/2.17.0/apps/Basic_SPI/esp8266/build_contexts/build_ctx_976701403/deps/boards"
rpc-uart: Done, hash 4c68e5d7b3eecb19ccc6128f111a118384ed20b4
rpc-service-fs: Done, hash 7edeecacec8ed276aa83485ae8879219dfface29
ca-bundle: Done, hash c6a3caec6567790ba33b448c5550ec032b20914f
rpc-service-fs: Hash unchanged at 7edeecacec8ed276aa83485ae8879219dfface29 (dir "/data/fwbuild-volumes/2.17.0/apps/Basic_SPI/esp8266/build_contexts/build_ctx_976701403/deps/rpc-service-fs")
rpc-service-fs: Prepared local dir: "/data/fwbuild-volumes/2.17.0/apps/Basic_SPI/esp8266/build_contexts/build_ctx_976701403/deps/rpc-service-fs"
ca-bundle: Hash unchanged at c6a3caec6567790ba33b448c5550ec032b20914f (dir "/data/fwbuild-volumes/2.17.0/apps/Basic_SPI/esp8266/build_contexts/build_ctx_976701403/deps/ca-bundle")
ca-bundle: Prepared local dir: "/data/fwbuild-volumes/2.17.0/apps/Basic_SPI/esp8266/build_contexts/build_ctx_976701403/deps/ca-bundle"
rpc-uart: Hash unchanged at 4c68e5d7b3eecb19ccc6128f111a118384ed20b4 (dir "/data/fwbuild-volumes/2.17.0/apps/Basic_SPI/esp8266/build_contexts/build_ctx_976701403/deps/rpc-uart")
rpc-uart: Prepared local dir: "/data/fwbuild-volumes/2.17.0/apps/Basic_SPI/esp8266/build_contexts/build_ctx_976701403/deps/rpc-uart"
Handling lib "vfs-common"...
vfs-common: Checking out 2.17.0...
vfs-common: Done, hash 6e0af5a5e886b051160c9948218c7419c662e1e3
vfs-common: Hash unchanged at 6e0af5a5e886b051160c9948218c7419c662e1e3 (dir "/data/fwbuild-volumes/2.17.0/apps/Basic_SPI/esp8266/build_contexts/build_ctx_976701403/deps/vfs-common")
vfs-common: Prepared local dir: "/data/fwbuild-volumes/2.17.0/apps/Basic_SPI/esp8266/build_contexts/build_ctx_976701403/deps/vfs-common"
Handling lib "rpc-common"...
rpc-common: Checking out 2.17.0...
rpc-common: Done, hash 7f1fa52a0ee6ac88bd344691086f176c7fc448a9
rpc-common: Hash unchanged at 7f1fa52a0ee6ac88bd344691086f176c7fc448a9 (dir "/data/fwbuild-volumes/2.17.0/apps/Basic_SPI/esp8266/build_contexts/build_ctx_976701403/deps/rpc-common")
rpc-common: Prepared local dir: "/data/fwbuild-volumes/2.17.0/apps/Basic_SPI/esp8266/build_contexts/build_ctx_976701403/deps/rpc-common"
Handling lib "mongoose"...
mongoose: Checking out 2.17.0...
mongoose: Done, hash 08dafbf084c7c25207f28b00948df04b0c218844
mongoose: Hash unchanged at 08dafbf084c7c25207f28b00948df04b0c218844 (dir "/data/fwbuild-volumes/2.17.0/apps/Basic_SPI/esp8266/build_contexts/build_ctx_976701403/deps/mongoose")
mongoose: Prepared local dir: "/data/fwbuild-volumes/2.17.0/apps/Basic_SPI/esp8266/build_contexts/build_ctx_976701403/deps/mongoose"
Handling lib "mbedtls"...
mbedtls: Checking out 2.17.0...
mbedtls: Done, hash ec0fd0c129ce35edb64ec45f512a42e76ef64623
mbedtls: Hash unchanged at ec0fd0c129ce35edb64ec45f512a42e76ef64623 (dir "/data/fwbuild-volumes/2.17.0/apps/Basic_SPI/esp8266/build_contexts/build_ctx_976701403/deps/mbedtls")
mbedtls: Prepared local dir: "/data/fwbuild-volumes/2.17.0/apps/Basic_SPI/esp8266/build_contexts/build_ctx_976701403/deps/mbedtls"
Handling lib "atca"...
atca: Checking out 2.17.0...
atca: Done, hash 8fc5370f2244244e91973316bac28fd5a19528f9
atca: Hash unchanged at 8fc5370f2244244e91973316bac28fd5a19528f9 (dir "/data/fwbuild-volumes/2.17.0/apps/Basic_SPI/esp8266/build_contexts/build_ctx_976701403/deps/atca")
atca: Prepared local dir: "/data/fwbuild-volumes/2.17.0/apps/Basic_SPI/esp8266/build_contexts/build_ctx_976701403/deps/atca"
Handling lib "i2c"...
i2c: Checking out 2.17.0...
i2c: Done, hash adf8fa47daa2b8d0e1a5b729f095f77e85e6797b
i2c: Hash unchanged at adf8fa47daa2b8d0e1a5b729f095f77e85e6797b (dir "/data/fwbuild-volumes/2.17.0/apps/Basic_SPI/esp8266/build_contexts/build_ctx_976701403/deps/i2c")
i2c: Prepared local dir: "/data/fwbuild-volumes/2.17.0/apps/Basic_SPI/esp8266/build_contexts/build_ctx_976701403/deps/i2c"
Handling lib "vfs-dev-part"...
Handling lib "vfs-fs-lfs"...
Handling lib "vfs-fs-spiffs"...
vfs-fs-lfs: Checking out 2.17.0...
vfs-fs-spiffs: Checking out 2.17.0...
vfs-dev-part: Checking out 2.17.0...
vfs-dev-part: Done, hash 94426df449f807e4268e1d1a3ee5146da85902da
vfs-fs-spiffs: Done, hash 12850caac96f1ea6278d21a661d93a11228de4c3
vfs-fs-lfs: Done, hash c62bb1e71eadacda195ae550b767bca4d3452c6a
vfs-dev-part: Hash unchanged at 94426df449f807e4268e1d1a3ee5146da85902da (dir "/data/fwbuild-volumes/2.17.0/apps/Basic_SPI/esp8266/build_contexts/build_ctx_976701403/deps/vfs-dev-part")
vfs-dev-part: Prepared local dir: "/data/fwbuild-volumes/2.17.0/apps/Basic_SPI/esp8266/build_contexts/build_ctx_976701403/deps/vfs-dev-part"
vfs-fs-spiffs: Hash unchanged at 12850caac96f1ea6278d21a661d93a11228de4c3 (dir "/data/fwbuild-volumes/2.17.0/apps/Basic_SPI/esp8266/build_contexts/build_ctx_976701403/deps/vfs-fs-spiffs")
vfs-fs-spiffs: Prepared local dir: "/data/fwbuild-volumes/2.17.0/apps/Basic_SPI/esp8266/build_contexts/build_ctx_976701403/deps/vfs-fs-spiffs"
vfs-fs-lfs: Hash unchanged at c62bb1e71eadacda195ae550b767bca4d3452c6a (dir "/data/fwbuild-volumes/2.17.0/apps/Basic_SPI/esp8266/build_contexts/build_ctx_976701403/deps/vfs-fs-lfs")
vfs-fs-lfs: Prepared local dir: "/data/fwbuild-volumes/2.17.0/apps/Basic_SPI/esp8266/build_contexts/build_ctx_976701403/deps/vfs-fs-lfs"
Handling lib "wifi"...
wifi: Checking out 2.17.0...
wifi: Done, hash 851f55fda6d1b873284d5c4847bec3f13bcc638f
wifi: Hash unchanged at 851f55fda6d1b873284d5c4847bec3f13bcc638f (dir "/data/fwbuild-volumes/2.17.0/apps/Basic_SPI/esp8266/build_contexts/build_ctx_976701403/deps/wifi")
wifi: Prepared local dir: "/data/fwbuild-volumes/2.17.0/apps/Basic_SPI/esp8266/build_contexts/build_ctx_976701403/deps/wifi"
The flag --repo is not given, going to use mongoose-os repository
mongoose-os: Checking out 2.17.0...
mongoose-os: Done, hash c31a7453f6754f80acab6b1b229fc097bf411f37
Prebuilt binary for "mbedtls" already exists at "/data/fwbuild-volumes/2.17.0/apps/Basic_SPI/esp8266/build_contexts/build_ctx_976701403/build/objs/libmbedtls-esp8266-2.17.0.a"
Prebuilt binary for "mongoose" already exists at "/data/fwbuild-volumes/2.17.0/apps/Basic_SPI/esp8266/build_contexts/build_ctx_976701403/build/objs/libmongoose-esp8266-2.17.0.a"
Sources: [/data/fwbuild-volumes/2.17.0/apps/Basic_SPI/esp8266/build_contexts/build_ctx_976701403/src/SPI_init.c /data/fwbuild-volumes/2.17.0/apps/Basic_SPI/esp8266/build_contexts/build_ctx_976701403/src/main.c /data/fwbuild-volumes/2.17.0/apps/Basic_SPI/esp8266/build_contexts/build_ctx_976701403/build/gen/mgos_deps_init.c /data/fwbuild-volumes/2.17.0/apps/Basic_SPI/esp8266/build_contexts/build_ctx_976701403/deps/i2c/src/mgos_i2c_master.c /data/fwbuild-volumes/2.17.0/apps/Basic_SPI/esp8266/build_contexts/build_ctx_976701403/deps/i2c/src/gpio/mgos_i2c_gpio_master.c /data/fwbuild-volumes/2.17.0/apps/Basic_SPI/esp8266/build_contexts/build_ctx_976701403/deps/atca/src/mgos_atca.c /data/fwbuild-volumes/2.17.0/apps/Basic_SPI/esp8266/build_contexts/build_ctx_976701403/deps/atca/src/mgos_atca_hal.c /data/fwbuild-volumes/2.17.0/apps/Basic_SPI/esp8266/build_contexts/build_ctx_976701403/deps/atca/cryptoauthlib/lib/atca_cfgs.c /data/fwbuild-volumes/2.17.0/apps/Basic_SPI/esp8266/build_contexts/build_ctx_976701403/deps/atca/cryptoauthlib/lib/atca_command.c /data/fwbuild-volumes/2.17.0/apps/Basic_SPI/esp8266/build_contexts/build_ctx_976701403/deps/atca/cryptoauthlib/lib/atca_device.c /data/fwbuild-volumes/2.17.0/apps/Basic_SPI/esp8266/build_contexts/build_ctx_976701403/deps/atca/cryptoauthlib/lib/atca_execution.c /data/fwbuild-volumes/2.17.0/apps/Basic_SPI/esp8266/build_contexts/build_ctx_976701403/deps/atca/cryptoauthlib/lib/atca_iface.c /data/fwbuild-volumes/2.17.0/apps/Basic_SPI/esp8266/build_contexts/build_ctx_976701403/deps/atca/cryptoauthlib/lib/basic/atca_basic.c /data/fwbuild-volumes/2.17.0/apps/Basic_SPI/esp8266/build_contexts/build_ctx_976701403/deps/atca/cryptoauthlib/lib/basic/atca_basic_aes.c /data/fwbuild-volumes/2.17.0/apps/Basic_SPI/esp8266/build_contexts/build_ctx_976701403/deps/atca/cryptoauthlib/lib/basic/atca_basic_aes_cbc.c /data/fwbuild-volumes/2.17.0/apps/Basic_SPI/esp8266/build_contexts/build_ctx_976701403/deps/atca/cryptoauthlib/lib/basic/atca_basic_aes_cmac.c /data/fwbuild-volumes/2.17.0/apps/Basic_SPI/esp8266/build_contexts/build_ctx_976701403/deps/atca/cryptoauthlib/lib/basic/atca_basic_aes_ctr.c /data/fwbuild-volumes/2.17.0/apps/Basic_SPI/esp8266/build_contexts/build_ctx_976701403/deps/atca/cryptoauthlib/lib/basic/atca_basic_aes_gcm.c /data/fwbuild-volumes/2.17.0/apps/Basic_SPI/esp8266/build_contexts/build_ctx_976701403/deps/atca/cryptoauthlib/lib/basic/atca_basic_checkmac.c /data/fwbuild-volumes/2.17.0/apps/Basic_SPI/esp8266/build_contexts/build_ctx_976701403/deps/atca/cryptoauthlib/lib/basic/atca_basic_counter.c /data/fwbuild-volumes/2.17.0/apps/Basic_SPI/esp8266/build_contexts/build_ctx_976701403/deps/atca/cryptoauthlib/lib/basic/atca_basic_derivekey.c /data/fwbuild-volumes/2.17.0/apps/Basic_SPI/esp8266/build_contexts/build_ctx_976701403/deps/atca/cryptoauthlib/lib/basic/atca_basic_ecdh.c /data/fwbuild-volumes/2.17.0/apps/Basic_SPI/esp8266/build_contexts/build_ctx_976701403/deps/atca/cryptoauthlib/lib/basic/atca_basic_gendig.c /data/fwbuild-volumes/2.17.0/apps/Basic_SPI/esp8266/build_contexts/build_ctx_976701403/deps/atca/cryptoauthlib/lib/basic/atca_basic_genkey.c /data/fwbuild-volumes/2.17.0/apps/Basic_SPI/esp8266/build_contexts/build_ctx_976701403/deps/atca/cryptoauthlib/lib/basic/atca_basic_hmac.c /data/fwbuild-volumes/2.17.0/apps/Basic_SPI/esp8266/build_contexts/build_ctx_976701403/deps/atca/cryptoauthlib/lib/basic/atca_basic_info.c /data/fwbuild-volumes/2.17.0/apps/Basic_SPI/esp8266/build_contexts/build_ctx_976701403/deps/atca/cryptoauthlib/lib/basic/atca_basic_kdf.c /data/fwbuild-volumes/2.17.0/apps/Basic_SPI/esp8266/build_contexts/build_ctx_976701403/deps/atca/cryptoauthlib/lib/basic/atca_basic_lock.c /data/fwbuild-volumes/2.17.0/apps/Basic_SPI/esp8266/build_contexts/build_ctx_976701403/deps/atca/cryptoauthlib/lib/basic/atca_basic_mac.c /data/fwbuild-volumes/2.17.0/apps/Basic_SPI/esp8266/build_contexts/build_ctx_976701403/deps/atca/cryptoauthlib/lib/basic/atca_basic_nonce.c /data/fwbuild-volumes/2.17.0/apps/Basic_SPI/esp8266/build_contexts/build_ctx_976701403/deps/atca/cryptoauthlib/lib/basic/atca_basic_privwrite.c /data/fwbuild-volumes/2.17.0/apps/Basic_SPI/esp8266/build_contexts/build_ctx_976701403/deps/atca/cryptoauthlib/lib/basic/atca_basic_random.c /data/fwbuild-volumes/2.17.0/apps/Basic_SPI/esp8266/build_contexts/build_ctx_976701403/deps/atca/cryptoauthlib/lib/basic/atca_basic_read.c /data/fwbuild-volumes/2.17.0/apps/Basic_SPI/esp8266/build_contexts/build_ctx_976701403/deps/atca/cryptoauthlib/lib/basic/atca_basic_secureboot.c /data/fwbuild-volumes/2.17.0/apps/Basic_SPI/esp8266/build_contexts/build_ctx_976701403/deps/atca/cryptoauthlib/lib/basic/atca_basic_selftest.c /data/fwbuild-volumes/2.17.0/apps/Basic_SPI/esp8266/build_contexts/build_ctx_976701403/deps/atca/cryptoauthlib/lib/basic/atca_basic_sha.c /data/fwbuild-volumes/2.17.0/apps/Basic_SPI/esp8266/build_contexts/build_ctx_976701403/deps/atca/cryptoauthlib/lib/basic/atca_basic_sign.c /data/fwbuild-volumes/2.17.0/apps/Basic_SPI/esp8266/build_contexts/build_ctx_976701403/deps/atca/cryptoauthlib/lib/basic/atca_basic_updateextra.c /data/fwbuild-volumes/2.17.0/apps/Basic_SPI/esp8266/build_contexts/build_ctx_976701403/deps/atca/cryptoauthlib/lib/basic/atca_basic_verify.c /data/fwbuild-volumes/2.17.0/apps/Basic_SPI/esp8266/build_contexts/build_ctx_976701403/deps/atca/cryptoauthlib/lib/basic/atca_basic_write.c /data/fwbuild-volumes/2.17.0/apps/Basic_SPI/esp8266/build_contexts/build_ctx_976701403/deps/atca/cryptoauthlib/lib/basic/atca_helpers.c /data/fwbuild-volumes/2.17.0/apps/Basic_SPI/esp8266/build_contexts/build_ctx_976701403/deps/atca/cryptoauthlib/lib/host/atca_host.c /data/fwbuild-volumes/2.17.0/apps/Basic_SPI/esp8266/build_contexts/build_ctx_976701403/deps/atca/cryptoauthlib/lib/mbedtls/atca_mbedtls_wrap.c /data/fwbuild-volumes/2.17.0/apps/Basic_SPI/esp8266/build_contexts/build_ctx_976701403/deps/vfs-common/src/mgos_vfs.c /data/fwbuild-volumes/2.17.0/apps/Basic_SPI/esp8266/build_contexts/build_ctx_976701403/deps/vfs-common/src/mgos_vfs_dev.c /data/fwbuild-volumes/2.17.0/apps/Basic_SPI/esp8266/build_contexts/build_ctx_976701403/deps/vfs-common/src/mgos_vfs_internal.c /data/fwbuild-volumes/2.17.0/apps/Basic_SPI/esp8266/build_contexts/build_ctx_976701403/deps/vfs-common/src/esp8266/esp_flash_writer.c /data/fwbuild-volumes/2.17.0/apps/Basic_SPI/esp8266/build_contexts/build_ctx_976701403/deps/vfs-common/src/esp8266/esp_fs.c /data/fwbuild-volumes/2.17.0/apps/Basic_SPI/esp8266/build_contexts/build_ctx_976701403/deps/vfs-common/src/esp8266/esp_vfs_dev_sysflash.c /data/fwbuild-volumes/2.17.0/apps/Basic_SPI/esp8266/build_contexts/build_ctx_976701403/deps/vfs-dev-part/src/mgos_vfs_dev_part.c /data/fwbuild-volumes/2.17.0/apps/Basic_SPI/esp8266/build_contexts/build_ctx_976701403/deps/vfs-fs-lfs/src/mgos_vfs_lfs.c /data/fwbuild-volumes/2.17.0/apps/Basic_SPI/esp8266/build_contexts/build_ctx_976701403/deps/vfs-fs-lfs/littlefs/lfs.c /data/fwbuild-volumes/2.17.0/apps/Basic_SPI/esp8266/build_contexts/build_ctx_976701403/deps/vfs-fs-lfs/littlefs/lfs_util.c /data/fwbuild-volumes/2.17.0/apps/Basic_SPI/esp8266/build_contexts/build_ctx_976701403/deps/vfs-fs-lfs/littlefs1/lfs1.c /data/fwbuild-volumes/2.17.0/apps/Basic_SPI/esp8266/build_contexts/build_ctx_976701403/deps/vfs-fs-lfs/littlefs1/lfs1_util.c /data/fwbuild-volumes/2.17.0/apps/Basic_SPI/esp8266/build_contexts/build_ctx_976701403/deps/vfs-fs-spiffs/src/mgos_vfs_fs_spiffs.c /data/fwbuild-volumes/2.17.0/apps/Basic_SPI/esp8266/build_contexts/build_ctx_976701403/deps/vfs-fs-spiffs/src/spiffs/spiffs_cache.c /data/fwbuild-volumes/2.17.0/apps/Basic_SPI/esp8266/build_contexts/build_ctx_976701403/deps/vfs-fs-spiffs/src/spiffs/spiffs_check.c /data/fwbuild-volumes/2.17.0/apps/Basic_SPI/esp8266/build_contexts/build_ctx_976701403/deps/vfs-fs-spiffs/src/spiffs/spiffs_gc.c /data/fwbuild-volumes/2.17.0/apps/Basic_SPI/esp8266/build_contexts/build_ctx_976701403/deps/vfs-fs-spiffs/src/spiffs/spiffs_hydrogen.c /data/fwbuild-volumes/2.17.0/apps/Basic_SPI/esp8266/build_contexts/build_ctx_976701403/deps/vfs-fs-spiffs/src/spiffs/spiffs_nucleus.c /data/fwbuild-volumes/2.17.0/apps/Basic_SPI/esp8266/build_contexts/build_ctx_976701403/deps/core/src/mgos_core.c /data/fwbuild-volumes/2.17.0/apps/Basic_SPI/esp8266/build_contexts/build_ctx_976701403/deps/core/src/esp8266/esp_rboot.c /data/fwbuild-volumes/2.17.0/apps/Basic_SPI/esp8266/build_contexts/build_ctx_976701403/deps/http-server/src/mgos_http_server.c /data/fwbuild-volumes/2.17.0/apps/Basic_SPI/esp8266/build_contexts/build_ctx_976701403/deps/rpc-common/src/mg_rpc.c /data/fwbuild-volumes/2.17.0/apps/Basic_SPI/esp8266/build_contexts/build_ctx_976701403/deps/rpc-common/src/mg_rpc_channel.c /data/fwbuild-volumes/2.17.0/apps/Basic_SPI/esp8266/build_contexts/build_ctx_976701403/deps/rpc-common/src/mg_rpc_channel_http.c /data/fwbuild-volumes/2.17.0/apps/Basic_SPI/esp8266/build_contexts/build_ctx_976701403/deps/rpc-common/src/mgos_rpc.c /data/fwbuild-volumes/2.17.0/apps/Basic_SPI/esp8266/build_contexts/build_ctx_976701403/deps/rpc-service-config/src/mgos_service_config.c /data/fwbuild-volumes/2.17.0/apps/Basic_SPI/esp8266/build_contexts/build_ctx_976701403/deps/rpc-service-fs/src/mgos_service_fs.c /data/fwbuild-volumes/2.17.0/apps/Basic_SPI/esp8266/build_contexts/build_ctx_976701403/deps/rpc-uart/src/mgos_rpc_channel_uart.c /data/fwbuild-volumes/2.17.0/apps/Basic_SPI/esp8266/build_contexts/build_ctx_976701403/deps/spi/src/mgos_spi.c /data/fwbuild-volumes/2.17.0/apps/Basic_SPI/esp8266/build_contexts/build_ctx_976701403/deps/spi/src/mgos_spi_mjs.c /data/fwbuild-volumes/2.17.0/apps/Basic_SPI/esp8266/build_contexts/build_ctx_976701403/deps/spi/src/common_gpio/mgos_spi_gpio.c /data/fwbuild-volumes/2.17.0/apps/Basic_SPI/esp8266/build_contexts/build_ctx_976701403/deps/vfs-dev-spi-flash/src/mgos_vfs_dev_spi_flash.c /data/fwbuild-volumes/2.17.0/apps/Basic_SPI/esp8266/build_contexts/build_ctx_976701403/deps/wifi/src/mgos_wifi.c /data/fwbuild-volumes/2.17.0/apps/Basic_SPI/esp8266/build_contexts/build_ctx_976701403/deps/wifi/src/mjs_wifi.c /data/fwbuild-volumes/2.17.0/apps/Basic_SPI/esp8266/build_contexts/build_ctx_976701403/deps/wifi/src/esp8266/esp_wifi.c]
Include dirs: [/data/fwbuild-volumes/2.17.0/apps/Basic_SPI/esp8266/build_contexts/build_ctx_976701403/deps/i2c/include /data/fwbuild-volumes/2.17.0/apps/Basic_SPI/esp8266/build_contexts/build_ctx_976701403/deps/atca/include /data/fwbuild-volumes/2.17.0/apps/Basic_SPI/esp8266/build_contexts/build_ctx_976701403/deps/atca/cryptoauthlib/lib /data/fwbuild-volumes/2.17.0/apps/Basic_SPI/esp8266/build_contexts/build_ctx_976701403/deps/atca/cryptoauthlib/lib/crypto /data/fwbuild-volumes/2.17.0/apps/Basic_SPI/esp8266/build_contexts/build_ctx_976701403/deps/atca/cryptoauthlib/lib/hal /data/fwbuild-volumes/2.17.0/apps/Basic_SPI/esp8266/build_contexts/build_ctx_976701403/deps/mbedtls/include /data/fwbuild-volumes/2.17.0/apps/Basic_SPI/esp8266/build_contexts/build_ctx_976701403/deps/mbedtls/include/esp8266 /data/fwbuild-volumes/2.17.0/apps/Basic_SPI/esp8266/build_contexts/build_ctx_976701403/deps/mbedtls/mbedtls/include /data/fwbuild-volumes/2.17.0/apps/Basic_SPI/esp8266/build_contexts/build_ctx_976701403/deps/vfs-common/include /data/fwbuild-volumes/2.17.0/apps/Basic_SPI/esp8266/build_contexts/build_ctx_976701403/deps/vfs-common/include/esp8266 /data/fwbuild-volumes/2.17.0/apps/Basic_SPI/esp8266/build_contexts/build_ctx_976701403/deps/mongoose/include /data/fwbuild-volumes/2.17.0/apps/Basic_SPI/esp8266/build_contexts/build_ctx_976701403/deps/vfs-dev-part/include /data/fwbuild-volumes/2.17.0/apps/Basic_SPI/esp8266/build_contexts/build_ctx_976701403/deps/vfs-fs-lfs/include /data/fwbuild-volumes/2.17.0/apps/Basic_SPI/esp8266/build_contexts/build_ctx_976701403/deps/vfs-fs-lfs/littlefs /data/fwbuild-volumes/2.17.0/apps/Basic_SPI/esp8266/build_contexts/build_ctx_976701403/deps/vfs-fs-lfs/littlefs1 /data/fwbuild-volumes/2.17.0/apps/Basic_SPI/esp8266/build_contexts/build_ctx_976701403/deps/vfs-fs-spiffs/include /data/fwbuild-volumes/2.17.0/apps/Basic_SPI/esp8266/build_contexts/build_ctx_976701403/deps/vfs-fs-spiffs/include/spiffs /data/fwbuild-volumes/2.17.0/apps/Basic_SPI/esp8266/build_contexts/build_ctx_976701403/deps/vfs-fs-spiffs/include/esp8266 /data/fwbuild-volumes/2.17.0/apps/Basic_SPI/esp8266/build_contexts/build_ctx_976701403/deps/core/include /data/fwbuild-volumes/2.17.0/apps/Basic_SPI/esp8266/build_contexts/build_ctx_976701403/deps/core/include/esp8266 /data/fwbuild-volumes/2.17.0/apps/Basic_SPI/esp8266/build_contexts/build_ctx_976701403/deps/http-server/include /data/fwbuild-volumes/2.17.0/apps/Basic_SPI/esp8266/build_contexts/build_ctx_976701403/deps/rpc-common/include /data/fwbuild-volumes/2.17.0/apps/Basic_SPI/esp8266/build_contexts/build_ctx_976701403/deps/rpc-service-config/include /data/fwbuild-volumes/2.17.0/apps/Basic_SPI/esp8266/build_contexts/build_ctx_976701403/deps/rpc-service-fs/include /data/fwbuild-volumes/2.17.0/apps/Basic_SPI/esp8266/build_contexts/build_ctx_976701403/deps/rpc-uart/include /data/fwbuild-volumes/2.17.0/apps/Basic_SPI/esp8266/build_contexts/build_ctx_976701403/deps/spi/include /data/fwbuild-volumes/2.17.0/apps/Basic_SPI/esp8266/build_contexts/build_ctx_976701403/deps/vfs-dev-spi-flash/include /data/fwbuild-volumes/2.17.0/apps/Basic_SPI/esp8266/build_contexts/build_ctx_976701403/deps/wifi/include /data/fwbuild-volumes/2.17.0/apps/Basic_SPI/esp8266/build_contexts/build_ctx_976701403/deps/wifi/include/esp8266]
Binary libs: [/data/fwbuild-volumes/2.17.0/apps/Basic_SPI/esp8266/build_contexts/build_ctx_976701403/build/objs/libmbedtls-esp8266-2.17.0.a /data/fwbuild-volumes/2.17.0/apps/Basic_SPI/esp8266/build_contexts/build_ctx_976701403/build/objs/libmongoose-esp8266-2.17.0.a]
Building...
mount from "/data/fwbuild-volumes/2.17.0/apps/Basic_SPI/esp8266/build_contexts/build_ctx_976701403" to "/app"
mount from "/data/fwbuild-volumes/2.17.0/apps/Basic_SPI/esp8266/build_contexts/build_ctx_976701403/deps/modules/mongoose-os" to "/mongoose-os"
mount from "/data/fwbuild-volumes/2.17.0/apps/Basic_SPI/esp8266/build_contexts/build_ctx_976701403/deps/modules/mongoose-os" to "/data/fwbuild-volumes/2.17.0/apps/Basic_SPI/esp8266/build_contexts/build_ctx_976701403/deps/modules/mongoose-os"
mount from "/data/fwbuild-volumes/2.17.0/apps/Basic_SPI/esp8266/build_contexts/build_ctx_976701403/build" to "/data/fwbuild-volumes/2.17.0/apps/Basic_SPI/esp8266/build_contexts/build_ctx_976701403/build"
mount from "/data/fwbuild-volumes/2.17.0/apps/Basic_SPI/esp8266/build_contexts/build_ctx_976701403/src" to "/data/fwbuild-volumes/2.17.0/apps/Basic_SPI/esp8266/build_contexts/build_ctx_976701403/src"
mount from "/data/fwbuild-volumes/2.17.0/apps/Basic_SPI/esp8266/build_contexts/build_ctx_976701403/build/gen" to "/data/fwbuild-volumes/2.17.0/apps/Basic_SPI/esp8266/build_contexts/build_ctx_976701403/build/gen"
mount from "/data/fwbuild-volumes/2.17.0/apps/Basic_SPI/esp8266/build_contexts/build_ctx_976701403/deps/i2c/src" to "/data/fwbuild-volumes/2.17.0/apps/Basic_SPI/esp8266/build_contexts/build_ctx_976701403/deps/i2c/src"
mount from "/data/fwbuild-volumes/2.17.0/apps/Basic_SPI/esp8266/build_contexts/build_ctx_976701403/deps/i2c/src/gpio" to "/data/fwbuild-volumes/2.17.0/apps/Basic_SPI/esp8266/build_contexts/build_ctx_976701403/deps/i2c/src/gpio"
mount from "/data/fwbuild-volumes/2.17.0/apps/Basic_SPI/esp8266/build_contexts/build_ctx_976701403/deps/atca/src" to "/data/fwbuild-volumes/2.17.0/apps/Basic_SPI/esp8266/build_contexts/build_ctx_976701403/deps/atca/src"
mount from "/data/fwbuild-volumes/2.17.0/apps/Basic_SPI/esp8266/build_contexts/build_ctx_976701403/deps/atca/cryptoauthlib/lib" to "/data/fwbuild-volumes/2.17.0/apps/Basic_SPI/esp8266/build_contexts/build_ctx_976701403/deps/atca/cryptoauthlib/lib"
mount from "/data/fwbuild-volumes/2.17.0/apps/Basic_SPI/esp8266/build_contexts/build_ctx_976701403/deps/atca/cryptoauthlib/lib/basic" to "/data/fwbuild-volumes/2.17.0/apps/Basic_SPI/esp8266/build_contexts/build_ctx_976701403/deps/atca/cryptoauthlib/lib/basic"
mount from "/data/fwbuild-volumes/2.17.0/apps/Basic_SPI/esp8266/build_contexts/build_ctx_976701403/deps/atca/cryptoauthlib/lib/host" to "/data/fwbuild-volumes/2.17.0/apps/Basic_SPI/esp8266/build_contexts/build_ctx_976701403/deps/atca/cryptoauthlib/lib/host"
mount from "/data/fwbuild-volumes/2.17.0/apps/Basic_SPI/esp8266/build_contexts/build_ctx_976701403/deps/atca/cryptoauthlib/lib/mbedtls" to "/data/fwbuild-volumes/2.17.0/apps/Basic_SPI/esp8266/build_contexts/build_ctx_976701403/deps/atca/cryptoauthlib/lib/mbedtls"
mount from "/data/fwbuild-volumes/2.17.0/apps/Basic_SPI/esp8266/build_contexts/build_ctx_976701403/deps/vfs-common/src" to "/data/fwbuild-volumes/2.17.0/apps/Basic_SPI/esp8266/build_contexts/build_ctx_976701403/deps/vfs-common/src"
mount from "/data/fwbuild-volumes/2.17.0/apps/Basic_SPI/esp8266/build_contexts/build_ctx_976701403/deps/vfs-common/src/esp8266" to "/data/fwbuild-volumes/2.17.0/apps/Basic_SPI/esp8266/build_contexts/build_ctx_976701403/deps/vfs-common/src/esp8266"
mount from "/data/fwbuild-volumes/2.17.0/apps/Basic_SPI/esp8266/build_contexts/build_ctx_976701403/deps/vfs-dev-part/src" to "/data/fwbuild-volumes/2.17.0/apps/Basic_SPI/esp8266/build_contexts/build_ctx_976701403/deps/vfs-dev-part/src"
mount from "/data/fwbuild-volumes/2.17.0/apps/Basic_SPI/esp8266/build_contexts/build_ctx_976701403/deps/vfs-fs-lfs/src" to "/data/fwbuild-volumes/2.17.0/apps/Basic_SPI/esp8266/build_contexts/build_ctx_976701403/deps/vfs-fs-lfs/src"
mount from "/data/fwbuild-volumes/2.17.0/apps/Basic_SPI/esp8266/build_contexts/build_ctx_976701403/deps/vfs-fs-lfs/littlefs" to "/data/fwbuild-volumes/2.17.0/apps/Basic_SPI/esp8266/build_contexts/build_ctx_976701403/deps/vfs-fs-lfs/littlefs"
mount from "/data/fwbuild-volumes/2.17.0/apps/Basic_SPI/esp8266/build_contexts/build_ctx_976701403/deps/vfs-fs-lfs/littlefs1" to "/data/fwbuild-volumes/2.17.0/apps/Basic_SPI/esp8266/build_contexts/build_ctx_976701403/deps/vfs-fs-lfs/littlefs1"
mount from "/data/fwbuild-volumes/2.17.0/apps/Basic_SPI/esp8266/build_contexts/build_ctx_976701403/deps/vfs-fs-spiffs/src" to "/data/fwbuild-volumes/2.17.0/apps/Basic_SPI/esp8266/build_contexts/build_ctx_976701403/deps/vfs-fs-spiffs/src"
mount from "/data/fwbuild-volumes/2.17.0/apps/Basic_SPI/esp8266/build_contexts/build_ctx_976701403/deps/vfs-fs-spiffs/src/spiffs" to "/data/fwbuild-volumes/2.17.0/apps/Basic_SPI/esp8266/build_contexts/build_ctx_976701403/deps/vfs-fs-spiffs/src/spiffs"
mount from "/data/fwbuild-volumes/2.17.0/apps/Basic_SPI/esp8266/build_contexts/build_ctx_976701403/deps/core/src" to "/data/fwbuild-volumes/2.17.0/apps/Basic_SPI/esp8266/build_contexts/build_ctx_976701403/deps/core/src"
mount from "/data/fwbuild-volumes/2.17.0/apps/Basic_SPI/esp8266/build_contexts/build_ctx_976701403/deps/core/src/esp8266" to "/data/fwbuild-volumes/2.17.0/apps/Basic_SPI/esp8266/build_contexts/build_ctx_976701403/deps/core/src/esp8266"
mount from "/data/fwbuild-volumes/2.17.0/apps/Basic_SPI/esp8266/build_contexts/build_ctx_976701403/deps/http-server/src" to "/data/fwbuild-volumes/2.17.0/apps/Basic_SPI/esp8266/build_contexts/build_ctx_976701403/deps/http-server/src"
mount from "/data/fwbuild-volumes/2.17.0/apps/Basic_SPI/esp8266/build_contexts/build_ctx_976701403/deps/rpc-common/src" to "/data/fwbuild-volumes/2.17.0/apps/Basic_SPI/esp8266/build_contexts/build_ctx_976701403/deps/rpc-common/src"
mount from "/data/fwbuild-volumes/2.17.0/apps/Basic_SPI/esp8266/build_contexts/build_ctx_976701403/deps/rpc-service-config/src" to "/data/fwbuild-volumes/2.17.0/apps/Basic_SPI/esp8266/build_contexts/build_ctx_976701403/deps/rpc-service-config/src"
mount from "/data/fwbuild-volumes/2.17.0/apps/Basic_SPI/esp8266/build_contexts/build_ctx_976701403/deps/rpc-service-fs/src" to "/data/fwbuild-volumes/2.17.0/apps/Basic_SPI/esp8266/build_contexts/build_ctx_976701403/deps/rpc-service-fs/src"
mount from "/data/fwbuild-volumes/2.17.0/apps/Basic_SPI/esp8266/build_contexts/build_ctx_976701403/deps/rpc-uart/src" to "/data/fwbuild-volumes/2.17.0/apps/Basic_SPI/esp8266/build_contexts/build_ctx_976701403/deps/rpc-uart/src"
mount from "/data/fwbuild-volumes/2.17.0/apps/Basic_SPI/esp8266/build_contexts/build_ctx_976701403/deps/spi/src" to "/data/fwbuild-volumes/2.17.0/apps/Basic_SPI/esp8266/build_contexts/build_ctx_976701403/deps/spi/src"
mount from "/data/fwbuild-volumes/2.17.0/apps/Basic_SPI/esp8266/build_contexts/build_ctx_976701403/deps/spi/src/common_gpio" to "/data/fwbuild-volumes/2.17.0/apps/Basic_SPI/esp8266/build_contexts/build_ctx_976701403/deps/spi/src/common_gpio"
mount from "/data/fwbuild-volumes/2.17.0/apps/Basic_SPI/esp8266/build_contexts/build_ctx_976701403/deps/vfs-dev-spi-flash/src" to "/data/fwbuild-volumes/2.17.0/apps/Basic_SPI/esp8266/build_contexts/build_ctx_976701403/deps/vfs-dev-spi-flash/src"
mount from "/data/fwbuild-volumes/2.17.0/apps/Basic_SPI/esp8266/build_contexts/build_ctx_976701403/deps/wifi/src" to "/data/fwbuild-volumes/2.17.0/apps/Basic_SPI/esp8266/build_contexts/build_ctx_976701403/deps/wifi/src"
mount from "/data/fwbuild-volumes/2.17.0/apps/Basic_SPI/esp8266/build_contexts/build_ctx_976701403/deps/wifi/src/esp8266" to "/data/fwbuild-volumes/2.17.0/apps/Basic_SPI/esp8266/build_contexts/build_ctx_976701403/deps/wifi/src/esp8266"
mount from "/data/fwbuild-volumes/2.17.0/apps/Basic_SPI/esp8266/build_contexts/build_ctx_976701403/deps/i2c/include" to "/data/fwbuild-volumes/2.17.0/apps/Basic_SPI/esp8266/build_contexts/build_ctx_976701403/deps/i2c/include"
mount from "/data/fwbuild-volumes/2.17.0/apps/Basic_SPI/esp8266/build_contexts/build_ctx_976701403/deps/atca/include" to "/data/fwbuild-volumes/2.17.0/apps/Basic_SPI/esp8266/build_contexts/build_ctx_976701403/deps/atca/include"
mount from "/data/fwbuild-volumes/2.17.0/apps/Basic_SPI/esp8266/build_contexts/build_ctx_976701403/deps/atca/cryptoauthlib/lib" to "/data/fwbuild-volumes/2.17.0/apps/Basic_SPI/esp8266/build_contexts/build_ctx_976701403/deps/atca/cryptoauthlib/lib"
mount from "/data/fwbuild-volumes/2.17.0/apps/Basic_SPI/esp8266/build_contexts/build_ctx_976701403/deps/atca/cryptoauthlib/lib/crypto" to "/data/fwbuild-volumes/2.17.0/apps/Basic_SPI/esp8266/build_contexts/build_ctx_976701403/deps/atca/cryptoauthlib/lib/crypto"
mount from "/data/fwbuild-volumes/2.17.0/apps/Basic_SPI/esp8266/build_contexts/build_ctx_976701403/deps/atca/cryptoauthlib/lib/hal" to "/data/fwbuild-volumes/2.17.0/apps/Basic_SPI/esp8266/build_contexts/build_ctx_976701403/deps/atca/cryptoauthlib/lib/hal"
mount from "/data/fwbuild-volumes/2.17.0/apps/Basic_SPI/esp8266/build_contexts/build_ctx_976701403/deps/mbedtls/include" to "/data/fwbuild-volumes/2.17.0/apps/Basic_SPI/esp8266/build_contexts/build_ctx_976701403/deps/mbedtls/include"
mount from "/data/fwbuild-volumes/2.17.0/apps/Basic_SPI/esp8266/build_contexts/build_ctx_976701403/deps/mbedtls/include/esp8266" to "/data/fwbuild-volumes/2.17.0/apps/Basic_SPI/esp8266/build_contexts/build_ctx_976701403/deps/mbedtls/include/esp8266"
mount from "/data/fwbuild-volumes/2.17.0/apps/Basic_SPI/esp8266/build_contexts/build_ctx_976701403/deps/mbedtls/mbedtls/include" to "/data/fwbuild-volumes/2.17.0/apps/Basic_SPI/esp8266/build_contexts/build_ctx_976701403/deps/mbedtls/mbedtls/include"
mount from "/data/fwbuild-volumes/2.17.0/apps/Basic_SPI/esp8266/build_contexts/build_ctx_976701403/deps/vfs-common/include" to "/data/fwbuild-volumes/2.17.0/apps/Basic_SPI/esp8266/build_contexts/build_ctx_976701403/deps/vfs-common/include"
mount from "/data/fwbuild-volumes/2.17.0/apps/Basic_SPI/esp8266/build_contexts/build_ctx_976701403/deps/vfs-common/include/esp8266" to "/data/fwbuild-volumes/2.17.0/apps/Basic_SPI/esp8266/build_contexts/build_ctx_976701403/deps/vfs-common/include/esp8266"
mount from "/data/fwbuild-volumes/2.17.0/apps/Basic_SPI/esp8266/build_contexts/build_ctx_976701403/deps/mongoose/include" to "/data/fwbuild-volumes/2.17.0/apps/Basic_SPI/esp8266/build_contexts/build_ctx_976701403/deps/mongoose/include"
mount from "/data/fwbuild-volumes/2.17.0/apps/Basic_SPI/esp8266/build_contexts/build_ctx_976701403/deps/vfs-dev-part/include" to "/data/fwbuild-volumes/2.17.0/apps/Basic_SPI/esp8266/build_contexts/build_ctx_976701403/deps/vfs-dev-part/include"
mount from "/data/fwbuild-volumes/2.17.0/apps/Basic_SPI/esp8266/build_contexts/build_ctx_976701403/deps/vfs-fs-lfs/include" to "/data/fwbuild-volumes/2.17.0/apps/Basic_SPI/esp8266/build_contexts/build_ctx_976701403/deps/vfs-fs-lfs/include"
mount from "/data/fwbuild-volumes/2.17.0/apps/Basic_SPI/esp8266/build_contexts/build_ctx_976701403/deps/vfs-fs-lfs/littlefs" to "/data/fwbuild-volumes/2.17.0/apps/Basic_SPI/esp8266/build_contexts/build_ctx_976701403/deps/vfs-fs-lfs/littlefs"
mount from "/data/fwbuild-volumes/2.17.0/apps/Basic_SPI/esp8266/build_contexts/build_ctx_976701403/deps/vfs-fs-lfs/littlefs1" to "/data/fwbuild-volumes/2.17.0/apps/Basic_SPI/esp8266/build_contexts/build_ctx_976701403/deps/vfs-fs-lfs/littlefs1"
mount from "/data/fwbuild-volumes/2.17.0/apps/Basic_SPI/esp8266/build_contexts/build_ctx_976701403/deps/vfs-fs-spiffs/include" to "/data/fwbuild-volumes/2.17.0/apps/Basic_SPI/esp8266/build_contexts/build_ctx_976701403/deps/vfs-fs-spiffs/include"
mount from "/data/fwbuild-volumes/2.17.0/apps/Basic_SPI/esp8266/build_contexts/build_ctx_976701403/deps/vfs-fs-spiffs/include/spiffs" to "/data/fwbuild-volumes/2.17.0/apps/Basic_SPI/esp8266/build_contexts/build_ctx_976701403/deps/vfs-fs-spiffs/include/spiffs"
mount from "/data/fwbuild-volumes/2.17.0/apps/Basic_SPI/esp8266/build_contexts/build_ctx_976701403/deps/vfs-fs-spiffs/include/esp8266" to "/data/fwbuild-volumes/2.17.0/apps/Basic_SPI/esp8266/build_contexts/build_ctx_976701403/deps/vfs-fs-spiffs/include/esp8266"
mount from "/data/fwbuild-volumes/2.17.0/apps/Basic_SPI/esp8266/build_contexts/build_ctx_976701403/deps/core/include" to "/data/fwbuild-volumes/2.17.0/apps/Basic_SPI/esp8266/build_contexts/build_ctx_976701403/deps/core/include"
mount from "/data/fwbuild-volumes/2.17.0/apps/Basic_SPI/esp8266/build_contexts/build_ctx_976701403/deps/core/include/esp8266" to "/data/fwbuild-volumes/2.17.0/apps/Basic_SPI/esp8266/build_contexts/build_ctx_976701403/deps/core/include/esp8266"
mount from "/data/fwbuild-volumes/2.17.0/apps/Basic_SPI/esp8266/build_contexts/build_ctx_976701403/deps/http-server/include" to "/data/fwbuild-volumes/2.17.0/apps/Basic_SPI/esp8266/build_contexts/build_ctx_976701403/deps/http-server/include"
mount from "/data/fwbuild-volumes/2.17.0/apps/Basic_SPI/esp8266/build_contexts/build_ctx_976701403/deps/rpc-common/include" to "/data/fwbuild-volumes/2.17.0/apps/Basic_SPI/esp8266/build_contexts/build_ctx_976701403/deps/rpc-common/include"
mount from "/data/fwbuild-volumes/2.17.0/apps/Basic_SPI/esp8266/build_contexts/build_ctx_976701403/deps/rpc-service-config/include" to "/data/fwbuild-volumes/2.17.0/apps/Basic_SPI/esp8266/build_contexts/build_ctx_976701403/deps/rpc-service-config/include"
mount from "/data/fwbuild-volumes/2.17.0/apps/Basic_SPI/esp8266/build_contexts/build_ctx_976701403/deps/rpc-service-fs/include" to "/data/fwbuild-volumes/2.17.0/apps/Basic_SPI/esp8266/build_contexts/build_ctx_976701403/deps/rpc-service-fs/include"
mount from "/data/fwbuild-volumes/2.17.0/apps/Basic_SPI/esp8266/build_contexts/build_ctx_976701403/deps/rpc-uart/include" to "/data/fwbuild-volumes/2.17.0/apps/Basic_SPI/esp8266/build_contexts/build_ctx_976701403/deps/rpc-uart/include"
mount from "/data/fwbuild-volumes/2.17.0/apps/Basic_SPI/esp8266/build_contexts/build_ctx_976701403/deps/spi/include" to "/data/fwbuild-volumes/2.17.0/apps/Basic_SPI/esp8266/build_contexts/build_ctx_976701403/deps/spi/include"
mount from "/data/fwbuild-volumes/2.17.0/apps/Basic_SPI/esp8266/build_contexts/build_ctx_976701403/deps/vfs-dev-spi-flash/include" to "/data/fwbuild-volumes/2.17.0/apps/Basic_SPI/esp8266/build_contexts/build_ctx_976701403/deps/vfs-dev-spi-flash/include"
mount from "/data/fwbuild-volumes/2.17.0/apps/Basic_SPI/esp8266/build_contexts/build_ctx_976701403/deps/wifi/include" to "/data/fwbuild-volumes/2.17.0/apps/Basic_SPI/esp8266/build_contexts/build_ctx_976701403/deps/wifi/include"
mount from "/data/fwbuild-volumes/2.17.0/apps/Basic_SPI/esp8266/build_contexts/build_ctx_976701403/deps/ca-bundle/fs" to "/data/fwbuild-volumes/2.17.0/apps/Basic_SPI/esp8266/build_contexts/build_ctx_976701403/deps/ca-bundle/fs"
mount from "/data/fwbuild-volumes/2.17.0/apps/Basic_SPI/esp8266/build_contexts/build_ctx_976701403/build/objs" to "/data/fwbuild-volumes/2.17.0/apps/Basic_SPI/esp8266/build_contexts/build_ctx_976701403/build/objs"
mount from "/data/fwbuild-volumes/2.17.0/apps/Basic_SPI/esp8266/build_contexts/build_ctx_976701403/build/objs" to "/data/fwbuild-volumes/2.17.0/apps/Basic_SPI/esp8266/build_contexts/build_ctx_976701403/build/objs"
mount from "/data/fwbuild-volumes/2.17.0/apps/Basic_SPI/esp8266/build_contexts/build_ctx_976701403/build/gen" to "/data/fwbuild-volumes/2.17.0/apps/Basic_SPI/esp8266/build_contexts/build_ctx_976701403/build/gen"
Docker arguments: run --name mos_build_2020-07-08T16-18-14-00_7195378622672881998 --rm -i -v /data/fwbuild-volumes/2.17.0/apps/Basic_SPI/esp8266/build_contexts/build_ctx_976701403/deps/vfs-dev-part/include:/data/fwbuild-volumes/2.17.0/apps/Basic_SPI/esp8266/build_contexts/build_ctx_976701403/deps/vfs-dev-part/include -v /data/fwbuild-volumes/2.17.0/apps/Basic_SPI/esp8266/build_contexts/build_ctx_976701403/deps/mbedtls/mbedtls/include:/data/fwbuild-volumes/2.17.0/apps/Basic_SPI/esp8266/build_contexts/build_ctx_976701403/deps/mbedtls/mbedtls/include -v /data/fwbuild-volumes/2.17.0/apps/Basic_SPI/esp8266/build_contexts/build_ctx_976701403/src:/data/fwbuild-volumes/2.17.0/apps/Basic_SPI/esp8266/build_contexts/build_ctx_976701403/src -v /data/fwbuild-volumes/2.17.0/apps/Basic_SPI/esp8266/build_contexts/build_ctx_976701403/deps/i2c/src/gpio:/data/fwbuild-volumes/2.17.0/apps/Basic_SPI/esp8266/build_contexts/build_ctx_976701403/deps/i2c/src/gpio -v /data/fwbuild-volumes/2.17.0/apps/Basic_SPI/esp8266/build_contexts/build_ctx_976701403/deps/vfs-common/src/esp8266:/data/fwbuild-volumes/2.17.0/apps/Basic_SPI/esp8266/build_contexts/build_ctx_976701403/deps/vfs-common/src/esp8266 -v /data/fwbuild-volumes/2.17.0/apps/Basic_SPI/esp8266/build_contexts/build_ctx_976701403/deps/atca/include:/data/fwbuild-volumes/2.17.0/apps/Basic_SPI/esp8266/build_contexts/build_ctx_976701403/deps/atca/include -v /data/fwbuild-volumes/2.17.0/apps/Basic_SPI/esp8266/build_contexts/build_ctx_976701403/deps/vfs-common/include/esp8266:/data/fwbuild-volumes/2.17.0/apps/Basic_SPI/esp8266/build_contexts/build_ctx_976701403/deps/vfs-common/include/esp8266 -v /data/fwbuild-volumes/2.17.0/apps/Basic_SPI/esp8266/build_contexts/build_ctx_976701403/deps/http-server/include:/data/fwbuild-volumes/2.17.0/apps/Basic_SPI/esp8266/build_contexts/build_ctx_976701403/deps/http-server/include -v /data/fwbuild-volumes/2.17.0/apps/Basic_SPI/esp8266/build_contexts/build_ctx_976701403/deps/modules/mongoose-os:/data/fwbuild-volumes/2.17.0/apps/Basic_SPI/esp8266/build_contexts/build_ctx_976701403/deps/modules/mongoose-os -v /data/fwbuild-volumes/2.17.0/apps/Basic_SPI/esp8266/build_contexts/build_ctx_976701403/deps/atca/cryptoauthlib/lib/basic:/data/fwbuild-volumes/2.17.0/apps/Basic_SPI/esp8266/build_contexts/build_ctx_976701403/deps/atca/cryptoauthlib/lib/basic -v /data/fwbuild-volumes/2.17.0/apps/Basic_SPI/esp8266/build_contexts/build_ctx_976701403/deps/vfs-common/src:/data/fwbuild-volumes/2.17.0/apps/Basic_SPI/esp8266/build_contexts/build_ctx_976701403/deps/vfs-common/src -v /data/fwbuild-volumes/2.17.0/apps/Basic_SPI/esp8266/build_contexts/build_ctx_976701403/deps/vfs-fs-lfs/littlefs1:/data/fwbuild-volumes/2.17.0/apps/Basic_SPI/esp8266/build_contexts/build_ctx_976701403/deps/vfs-fs-lfs/littlefs1 -v /data/fwbuild-volumes/2.17.0/apps/Basic_SPI/esp8266/build_contexts/build_ctx_976701403/deps/rpc-uart/src:/data/fwbuild-volumes/2.17.0/apps/Basic_SPI/esp8266/build_contexts/build_ctx_976701403/deps/rpc-uart/src -v /data/fwbuild-volumes/2.17.0/apps/Basic_SPI/esp8266/build_contexts/build_ctx_976701403/deps/vfs-common/include:/data/fwbuild-volumes/2.17.0/apps/Basic_SPI/esp8266/build_contexts/build_ctx_976701403/deps/vfs-common/include -v /data/fwbuild-volumes/2.17.0/apps/Basic_SPI/esp8266/build_contexts/build_ctx_976701403/deps/atca/cryptoauthlib/lib/host:/data/fwbuild-volumes/2.17.0/apps/Basic_SPI/esp8266/build_contexts/build_ctx_976701403/deps/atca/cryptoauthlib/lib/host -v /data/fwbuild-volumes/2.17.0/apps/Basic_SPI/esp8266/build_contexts/build_ctx_976701403/deps/vfs-fs-lfs/littlefs:/data/fwbuild-volumes/2.17.0/apps/Basic_SPI/esp8266/build_contexts/build_ctx_976701403/deps/vfs-fs-lfs/littlefs -v /data/fwbuild-volumes/2.17.0/apps/Basic_SPI/esp8266/build_contexts/build_ctx_976701403/deps/vfs-fs-spiffs/src/spiffs:/data/fwbuild-volumes/2.17.0/apps/Basic_SPI/esp8266/build_contexts/build_ctx_976701403/deps/vfs-fs-spiffs/src/spiffs -v /data/fwbuild-volumes/2.17.0/apps/Basic_SPI/esp8266/build_contexts/build_ctx_976701403/deps/vfs-fs-lfs/include:/data/fwbuild-volumes/2.17.0/apps/Basic_SPI/esp8266/build_contexts/build_ctx_976701403/deps/vfs-fs-lfs/include -v /data/fwbuild-volumes/2.17.0/apps/Basic_SPI/esp8266/build_contexts/build_ctx_976701403:/app -v /data/fwbuild-volumes/2.17.0/apps/Basic_SPI/esp8266/build_contexts/build_ctx_976701403/deps/rpc-service-config/src:/data/fwbuild-volumes/2.17.0/apps/Basic_SPI/esp8266/build_contexts/build_ctx_976701403/deps/rpc-service-config/src -v /data/fwbuild-volumes/2.17.0/apps/Basic_SPI/esp8266/build_contexts/build_ctx_976701403/deps/atca/cryptoauthlib/lib/hal:/data/fwbuild-volumes/2.17.0/apps/Basic_SPI/esp8266/build_contexts/build_ctx_976701403/deps/atca/cryptoauthlib/lib/hal -v /data/fwbuild-volumes/2.17.0/apps/Basic_SPI/esp8266/build_contexts/build_ctx_976701403/deps/spi/src/common_gpio:/data/fwbuild-volumes/2.17.0/apps/Basic_SPI/esp8266/build_contexts/build_ctx_976701403/deps/spi/src/common_gpio -v /data/fwbuild-volumes/2.17.0/apps/Basic_SPI/esp8266/build_contexts/build_ctx_976701403/deps/mbedtls/include/esp8266:/data/fwbuild-volumes/2.17.0/apps/Basic_SPI/esp8266/build_contexts/build_ctx_976701403/deps/mbedtls/include/esp8266 -v /data/fwbuild-volumes/2.17.0/apps/Basic_SPI/esp8266/build_contexts/build_ctx_976701403/deps/rpc-service-fs/include:/data/fwbuild-volumes/2.17.0/apps/Basic_SPI/esp8266/build_contexts/build_ctx_976701403/deps/rpc-service-fs/include -v /data/fwbuild-volumes/2.17.0/apps/Basic_SPI/esp8266/build_contexts/build_ctx_976701403/build:/data/fwbuild-volumes/2.17.0/apps/Basic_SPI/esp8266/build_contexts/build_ctx_976701403/build -v /data/fwbuild-volumes/2.17.0/apps/Basic_SPI/esp8266/build_contexts/build_ctx_976701403/deps/atca/cryptoauthlib/lib:/data/fwbuild-volumes/2.17.0/apps/Basic_SPI/esp8266/build_contexts/build_ctx_976701403/deps/atca/cryptoauthlib/lib -v /data/fwbuild-volumes/2.17.0/apps/Basic_SPI/esp8266/build_contexts/build_ctx_976701403/deps/atca/cryptoauthlib/lib/crypto:/data/fwbuild-volumes/2.17.0/apps/Basic_SPI/esp8266/build_contexts/build_ctx_976701403/deps/atca/cryptoauthlib/lib/crypto -v /data/fwbuild-volumes/2.17.0/apps/Basic_SPI/esp8266/build_contexts/build_ctx_976701403/deps/mongoose/include:/data/fwbuild-volumes/2.17.0/apps/Basic_SPI/esp8266/build_contexts/build_ctx_976701403/deps/mongoose/include -v /data/fwbuild-volumes/2.17.0/apps/Basic_SPI/esp8266/build_contexts/build_ctx_976701403/build/objs:/data/fwbuild-volumes/2.17.0/apps/Basic_SPI/esp8266/build_contexts/build_ctx_976701403/build/objs -v /data/fwbuild-volumes/2.17.0/apps/Basic_SPI/esp8266/build_contexts/build_ctx_976701403/deps/i2c/src:/data/fwbuild-volumes/2.17.0/apps/Basic_SPI/esp8266/build_contexts/build_ctx_976701403/deps/i2c/src -v /data/fwbuild-volumes/2.17.0/apps/Basic_SPI/esp8266/build_contexts/build_ctx_976701403/deps/atca/cryptoauthlib/lib/mbedtls:/data/fwbuild-volumes/2.17.0/apps/Basic_SPI/esp8266/build_contexts/build_ctx_976701403/deps/atca/cryptoauthlib/lib/mbedtls -v /data/fwbuild-volumes/2.17.0/apps/Basic_SPI/esp8266/build_contexts/build_ctx_976701403/deps/vfs-fs-lfs/src:/data/fwbuild-volumes/2.17.0/apps/Basic_SPI/esp8266/build_contexts/build_ctx_976701403/deps/vfs-fs-lfs/src -v /data/fwbuild-volumes/2.17.0/apps/Basic_SPI/esp8266/build_contexts/build_ctx_976701403/deps/rpc-common/src:/data/fwbuild-volumes/2.17.0/apps/Basic_SPI/esp8266/build_contexts/build_ctx_976701403/deps/rpc-common/src -v /data/fwbuild-volumes/2.17.0/apps/Basic_SPI/esp8266/build_contexts/build_ctx_976701403/deps/rpc-service-fs/src:/data/fwbuild-volumes/2.17.0/apps/Basic_SPI/esp8266/build_contexts/build_ctx_976701403/deps/rpc-service-fs/src -v /data/fwbuild-volumes/2.17.0/apps/Basic_SPI/esp8266/build_contexts/build_ctx_976701403/deps/i2c/include:/data/fwbuild-volumes/2.17.0/apps/Basic_SPI/esp8266/build_contexts/build_ctx_976701403/deps/i2c/include -v /data/fwbuild-volumes/2.17.0/apps/Basic_SPI/esp8266/build_contexts/build_ctx_976701403/deps/modules/mongoose-os:/mongoose-os -v /data/fwbuild-volumes/2.17.0/apps/Basic_SPI/esp8266/build_contexts/build_ctx_976701403/deps/mbedtls/include:/data/fwbuild-volumes/2.17.0/apps/Basic_SPI/esp8266/build_contexts/build_ctx_976701403/deps/mbedtls/include -v /data/fwbuild-volumes/2.17.0/apps/Basic_SPI/esp8266/build_contexts/build_ctx_976701403/deps/vfs-fs-spiffs/include/spiffs:/data/fwbuild-volumes/2.17.0/apps/Basic_SPI/esp8266/build_contexts/build_ctx_976701403/deps/vfs-fs-spiffs/include/spiffs -v /data/fwbuild-volumes/2.17.0/apps/Basic_SPI/esp8266/build_contexts/build_ctx_976701403/deps/ca-bundle/fs:/data/fwbuild-volumes/2.17.0/apps/Basic_SPI/esp8266/build_contexts/build_ctx_976701403/deps/ca-bundle/fs -v /data/fwbuild-volumes/2.17.0/apps/Basic_SPI/esp8266/build_contexts/build_ctx_976701403/build/gen:/data/fwbuild-volumes/2.17.0/apps/Basic_SPI/esp8266/build_contexts/build_ctx_976701403/build/gen -v /data/fwbuild-volumes/2.17.0/apps/Basic_SPI/esp8266/build_contexts/build_ctx_976701403/deps/core/src:/data/fwbuild-volumes/2.17.0/apps/Basic_SPI/esp8266/build_contexts/build_ctx_976701403/deps/core/src -v /data/fwbuild-volumes/2.17.0/apps/Basic_SPI/esp8266/build_contexts/build_ctx_976701403/deps/vfs-dev-spi-flash/src:/data/fwbuild-volumes/2.17.0/apps/Basic_SPI/esp8266/build_contexts/build_ctx_976701403/deps/vfs-dev-spi-flash/src -v /data/fwbuild-volumes/2.17.0/apps/Basic_SPI/esp8266/build_contexts/build_ctx_976701403/deps/vfs-fs-spiffs/include:/data/fwbuild-volumes/2.17.0/apps/Basic_SPI/esp8266/build_contexts/build_ctx_976701403/deps/vfs-fs-spiffs/include -v /data/fwbuild-volumes/2.17.0/apps/Basic_SPI/esp8266/build_contexts/build_ctx_976701403/deps/rpc-common/include:/data/fwbuild-volumes/2.17.0/apps/Basic_SPI/esp8266/build_contexts/build_ctx_976701403/deps/rpc-common/include -v /data/fwbuild-volumes/2.17.0/apps/Basic_SPI/esp8266/build_contexts/build_ctx_976701403/deps/vfs-fs-spiffs/src:/data/fwbuild-volumes/2.17.0/apps/Basic_SPI/esp8266/build_contexts/build_ctx_976701403/deps/vfs-fs-spiffs/src -v /data/fwbuild-volumes/2.17.0/apps/Basic_SPI/esp8266/build_contexts/build_ctx_976701403/deps/spi/src:/data/fwbuild-volumes/2.17.0/apps/Basic_SPI/esp8266/build_contexts/build_ctx_976701403/deps/spi/src -v /data/fwbuild-volumes/2.17.0/apps/Basic_SPI/esp8266/build_contexts/build_ctx_976701403/deps/wifi/src:/data/fwbuild-volumes/2.17.0/apps/Basic_SPI/esp8266/build_contexts/build_ctx_976701403/deps/wifi/src -v /data/fwbuild-volumes/2.17.0/apps/Basic_SPI/esp8266/build_contexts/build_ctx_976701403/deps/spi/include:/data/fwbuild-volumes/2.17.0/apps/Basic_SPI/esp8266/build_contexts/build_ctx_976701403/deps/spi/include -v /data/fwbuild-volumes/2.17.0/apps/Basic_SPI/esp8266/build_contexts/build_ctx_976701403/deps/vfs-fs-spiffs/include/esp8266:/data/fwbuild-volumes/2.17.0/apps/Basic_SPI/esp8266/build_contexts/build_ctx_976701403/deps/vfs-fs-spiffs/include/esp8266 -v /data/fwbuild-volumes/2.17.0/apps/Basic_SPI/esp8266/build_contexts/build_ctx_976701403/deps/rpc-service-config/include:/data/fwbuild-volumes/2.17.0/apps/Basic_SPI/esp8266/build_contexts/build_ctx_976701403/deps/rpc-service-config/include -v /data/fwbuild-volumes/2.17.0/apps/Basic_SPI/esp8266/build_contexts/build_ctx_976701403/deps/vfs-dev-spi-flash/include:/data/fwbuild-volumes/2.17.0/apps/Basic_SPI/esp8266/build_contexts/build_ctx_976701403/deps/vfs-dev-spi-flash/include -v /data/fwbuild-volumes/2.17.0/apps/Basic_SPI/esp8266/build_contexts/build_ctx_976701403/deps/core/src/esp8266:/data/fwbuild-volumes/2.17.0/apps/Basic_SPI/esp8266/build_contexts/build_ctx_976701403/deps/core/src/esp8266 -v /data/fwbuild-volumes/2.17.0/apps/Basic_SPI/esp8266/build_contexts/build_ctx_976701403/deps/wifi/src/esp8266:/data/fwbuild-volumes/2.17.0/apps/Basic_SPI/esp8266/build_contexts/build_ctx_976701403/deps/wifi/src/esp8266 -v /data/fwbuild-volumes/2.17.0/apps/Basic_SPI/esp8266/build_contexts/build_ctx_976701403/deps/core/include:/data/fwbuild-volumes/2.17.0/apps/Basic_SPI/esp8266/build_contexts/build_ctx_976701403/deps/core/include -v /data/fwbuild-volumes/2.17.0/apps/Basic_SPI/esp8266/build_contexts/build_ctx_976701403/deps/core/include/esp8266:/data/fwbuild-volumes/2.17.0/apps/Basic_SPI/esp8266/build_contexts/build_ctx_976701403/deps/core/include/esp8266 -v /data/fwbuild-volumes/2.17.0/apps/Basic_SPI/esp8266/build_contexts/build_ctx_976701403/deps/rpc-uart/include:/data/fwbuild-volumes/2.17.0/apps/Basic_SPI/esp8266/build_contexts/build_ctx_976701403/deps/rpc-uart/include -v /data/fwbuild-volumes/2.17.0/apps/Basic_SPI/esp8266/build_contexts/build_ctx_976701403/deps/atca/src:/data/fwbuild-volumes/2.17.0/apps/Basic_SPI/esp8266/build_contexts/build_ctx_976701403/deps/atca/src -v /data/fwbuild-volumes/2.17.0/apps/Basic_SPI/esp8266/build_contexts/build_ctx_976701403/deps/vfs-dev-part/src:/data/fwbuild-volumes/2.17.0/apps/Basic_SPI/esp8266/build_contexts/build_ctx_976701403/deps/vfs-dev-part/src -v /data/fwbuild-volumes/2.17.0/apps/Basic_SPI/esp8266/build_contexts/build_ctx_976701403/deps/http-server/src:/data/fwbuild-volumes/2.17.0/apps/Basic_SPI/esp8266/build_contexts/build_ctx_976701403/deps/http-server/src -v /data/fwbuild-volumes/2.17.0/apps/Basic_SPI/esp8266/build_contexts/build_ctx_976701403/deps/wifi/include:/data/fwbuild-volumes/2.17.0/apps/Basic_SPI/esp8266/build_contexts/build_ctx_976701403/deps/wifi/include --user 0:0 docker.io/mgos/esp8266-build:2.2.1-1.5.0-r5 /bin/bash -c nice make '-j' '8' '-C' '/app' '-f' '/data/fwbuild-volumes/2.17.0/apps/Basic_SPI/esp8266/build_contexts/build_ctx_976701403/deps/modules/mongoose-os/platforms/esp8266/Makefile.build' 'all' 'MGOS_VARS_FILE=/data/fwbuild-volumes/2.17.0/apps/Basic_SPI/esp8266/build_contexts/build_ctx_976701403/build/gen/vars.mk'
make: Entering directory '/app'
  CC    /data/fwbuild-volumes/2.17.0/apps/Basic_SPI/esp8266/build_contexts/build_ctx_976701403/src/SPI_init.c
  GEN   /data/fwbuild-volumes/2.17.0/apps/Basic_SPI/esp8266/build_contexts/build_ctx_976701403/build/gen/build_info.c
  CC    /data/fwbuild-volumes/2.17.0/apps/Basic_SPI/esp8266/build_contexts/build_ctx_976701403/build/gen/build_info.c
  LD    /data/fwbuild-volumes/2.17.0/apps/Basic_SPI/esp8266/build_contexts/build_ctx_976701403/build/objs/Basic_SPI.elf
  FW    /data/fwbuild-volumes/2.17.0/apps/Basic_SPI/esp8266/build_contexts/build_ctx_976701403/build/objs/Basic_SPI.elf -> /data/fwbuild-volumes/2.17.0/apps/Basic_SPI/esp8266/build_contexts/build_ctx_976701403/build/objs/Basic_SPI.bin
  GEN    /data/fwbuild-volumes/2.17.0/apps/Basic_SPI/esp8266/build_contexts/build_ctx_976701403/build/objs/fw_temp/manifest.json
  ZIP    /data/fwbuild-volumes/2.17.0/apps/Basic_SPI/esp8266/build_contexts/build_ctx_976701403/build/fw/Basic_SPI-esp8266-last.zip
     Adding /data/fwbuild-volumes/2.17.0/apps/Basic_SPI/esp8266/build_contexts/build_ctx_976701403/build/objs/fw_temp/Basic_SPI.bin
     Adding /data/fwbuild-volumes/2.17.0/apps/Basic_SPI/esp8266/build_contexts/build_ctx_976701403/build/objs/fw_temp/esp_init_data_default_v08.bin
     Adding /data/fwbuild-volumes/2.17.0/apps/Basic_SPI/esp8266/build_contexts/build_ctx_976701403/build/objs/fw_temp/fs.bin
     Adding /data/fwbuild-volumes/2.17.0/apps/Basic_SPI/esp8266/build_contexts/build_ctx_976701403/build/objs/fw_temp/rboot.bin
  Built Basic_SPI/esp8266 version 1.0 (20200708-161816)
make: Leaving directory '/app'
Success, built Basic_SPI/esp8266 version 1.0 (20200708-161816).
Firmware saved to /data/fwbuild-volumes/2.17.0/apps/Basic_SPI/esp8266/build_contexts/build_ctx_976701403/build/fw.zip
